Flutter crash report.
Please report a bug at https://github.com/flutter/flutter/issues.

## command

flutter run

## exception

StateError: Bad state: No element

```
#0      Stream.first.<anonymous closure> (dart:async/stream.dart:1524:9)
#1      _rootRun (dart:async/zone.dart:1418:47)
#2      _CustomZone.run (dart:async/zone.dart:1328:19)
#3      _CustomZone.runGuarded (dart:async/zone.dart:1236:7)
#4      _BufferingStreamSubscription._sendDone.sendDone (dart:async/stream_impl.dart:394:13)
#5      _BufferingStreamSubscription._sendDone (dart:async/stream_impl.dart:404:7)
#6      _BufferingStreamSubscription._close (dart:async/stream_impl.dart:291:7)
#7      _SyncBroadcastStreamController._sendDone.<anonymous closure> (dart:async/broadcast_stream_controller.dart:399:22)
#8      _BroadcastStreamController._forEachListener (dart:async/broadcast_stream_controller.dart:322:15)
#9      _SyncBroadcastStreamController._sendDone (dart:async/broadcast_stream_controller.dart:398:7)
#10     _BroadcastStreamController.close (dart:async/broadcast_stream_controller.dart:268:5)
#11     _AsBroadcastStreamController.close (dart:async/broadcast_stream_controller.dart:504:27)
#12     _rootRun (dart:async/zone.dart:1418:47)
#13     _CustomZone.run (dart:async/zone.dart:1328:19)
#14     _CustomZone.runGuarded (dart:async/zone.dart:1236:7)
#15     _BufferingStreamSubscription._sendDone.sendDone (dart:async/stream_impl.dart:394:13)
#16     _BufferingStreamSubscription._sendDone (dart:async/stream_impl.dart:404:7)
#17     _BufferingStreamSubscription._close (dart:async/stream_impl.dart:291:7)
#18     _SinkTransformerStreamSubscription._close (dart:async/stream_transformers.dart:87:11)
#19     _EventSinkWrapper.close (dart:async/stream_transformers.dart:21:11)
#20     _StringAdapterSink.close (dart:convert/string_conversion.dart:251:11)
#21     _Utf8ConversionSink.close (dart:convert/string_conversion.dart:305:20)
#22     _ErrorHandlingAsciiDecoderSink.close (dart:convert/ascii.dart:261:15)
#23     _ConverterStreamEventSink.close (dart:convert/chunked_conversion.dart:81:18)
#24     _SinkTransformerStreamSubscription._handleDone (dart:async/stream_transformers.dart:132:24)
#25     _rootRun (dart:async/zone.dart:1418:47)
#26     _CustomZone.run (dart:async/zone.dart:1328:19)
#27     _CustomZone.runGuarded (dart:async/zone.dart:1236:7)
#28     _BufferingStreamSubscription._sendDone.sendDone (dart:async/stream_impl.dart:394:13)
#29     _BufferingStreamSubscription._sendDone (dart:async/stream_impl.dart:404:7)
#30     _BufferingStreamSubscription._close (dart:async/stream_impl.dart:291:7)
#31     _SyncStreamControllerDispatch._sendDone (dart:async/stream_controller.dart:782:19)
#32     _StreamController._closeUnchecked (dart:async/stream_controller.dart:637:7)
#33     _StreamController.close (dart:async/stream_controller.dart:630:5)
#34     _Socket._onData (dart:io-patch/socket_patch.dart:2321:21)
#35     _rootRunUnary (dart:async/zone.dart:1442:13)
#36     _CustomZone.runUnary (dart:async/zone.dart:1335:19)
#37     _CustomZone.runUnaryGuarded (dart:async/zone.dart:1244:7)
#38     _BufferingStreamSubscription._sendData (dart:async/stream_impl.dart:341:11)
#39     _BufferingStreamSubscription._add (dart:async/stream_impl.dart:271:7)
#40     _SyncStreamControllerDispatch._sendData (dart:async/stream_controller.dart:774:19)
#41     _StreamController._add (dart:async/stream_controller.dart:648:7)
#42     _StreamController.add (dart:async/stream_controller.dart:596:5)
#43     new _RawSocket.<anonymous closure> (dart:io-patch/socket_patch.dart:1846:35)
#44     _NativeSocket.issueReadEvent.issue (dart:io-patch/socket_patch.dart:1315:18)
#45     _microtaskLoop (dart:async/schedule_microtask.dart:40:21)
#46     _startMicrotaskLoop (dart:async/schedule_microtask.dart:49:5)
#47     _runPendingImmediateCallback (dart:isolate-patch/isolate_patch.dart:122:13)
#48     _RawReceivePortImpl._handleMessage (dart:isolate-patch/isolate_patch.dart:193:5)
```

## flutter doctor

```
[✓] Flutter (Channel stable, 3.0.0, on Microsoft Windows [version 10.0.19044.1706], locale fr-FR)
    • Flutter version 3.0.0 at D:\Flutter\flutter
    • Upstream repository https://github.com/flutter/flutter.git
    • Framework revision ee4e09cce0 (7 weeks ago), 2022-05-09 16:45:18 -0700
    • Engine revision d1b9a6938a
    • Dart version 2.17.0
    • DevTools version 2.12.2

[!] Android toolchain - develop for Android devices (Android SDK version 32.1.0-rc1)
    • Android SDK at C:\Users\maman\AppData\Local\Android\sdk
    ✗ cmdline-tools component is missing
      Run `path/to/sdkmanager --install "cmdline-tools;latest"`
      See https://developer.android.com/studio/command-line for more details.
    ✗ Android license status unknown.
      Run `flutter doctor --android-licenses` to accept the SDK licenses.
      See https://flutter.dev/docs/get-started/install/windows#android-setup for more details.

[✓] Chrome - develop for the web
    • Chrome at C:\Program Files\Google\Chrome\Application\chrome.exe

[!] Visual Studio - develop for Windows (Visual Studio Community 2022 17.1.3)
    • Visual Studio at C:\Program Files\Microsoft Visual Studio\2022\Community
    • Visual Studio Community 2022 version 17.1.32328.378
    ✗ Visual Studio is missing necessary components. Please re-run the Visual Studio installer for the "Desktop development with C++" workload, and include these components:
        MSVC v142 - VS 2019 C++ x64/x86 build tools
         - If there are multiple build tool versions available, install the latest
        C++ CMake tools for Windows
        Windows 10 SDK

[✓] Android Studio (version 2021.2)
    • Android Studio at C:\Program Files\Android\Android Studio
    • Flutter plugin can be installed from:
      🔨 https://plugins.jetbrains.com/plugin/9212-flutter
    • Dart plugin can be installed from:
      🔨 https://plugins.jetbrains.com/plugin/6351-dart
    • Java version OpenJDK Runtime Environment (build 11.0.12+7-b1504.28-7817840)

[✓] VS Code (version 1.68.1)
    • VS Code at C:\Users\maman\AppData\Local\Programs\Microsoft VS Code
    • Flutter extension version 3.42.0

[✓] Connected device (3 available)
    • Windows (desktop) • windows • windows-x64    • Microsoft Windows [version 10.0.19044.1706]
    • Chrome (web)      • chrome  • web-javascript • Google Chrome 101.0.4951.67
    • Edge (web)        • edge    • web-javascript • Microsoft Edge 102.0.1245.44

[✓] HTTP Host Availability
    • All required HTTP hosts are available

! Doctor found issues in 2 categories.
```
